<?xml version="1.0" encoding="UTF-8"?>
<!-- Generated by org.testng.reporters.JUnitXMLReporter -->
<testsuite hostname="MacBook-Pro-Retina.local" name="Command line test" tests="2" failures="1" timestamp="9 Aug 2016 20:31:07 GMT" time="18.027" errors="0">
  <testcase name="testMethod" time="18.014" classname="com.lohika.atf.tests.FirstTest"/>
  <testcase name="testMethod2" time="0.0" classname="com.lohika.atf.tests.SecondTest">
    <failure type="java.lang.NullPointerException">
      <![CDATA[java.lang.NullPointerException
	at com.lohika.atf.core.web.pages.LoginPage.load(LoginPage.java:20)
	at com.lohika.atf.core.web.pages.LoginPage.loadAsAnonymousUser(LoginPage.java:84)
	at com.lohika.atf.tests.SecondTest.testMethod2(SecondTest.java:14)
... Removed 28 stack frames]]>
    </failure>
  </testcase> <!-- testMethod2 -->
</testsuite> <!-- Command line test -->
